<?xml version="1.0" encoding="UTF-8"?>
<testsuites>
  <testsuite name="fastlane.lanes">
    
    
    
      
      <testcase classname="fastlane.lanes" name="0: default_platform" time="0.00049331">
        
      </testcase>
    
      
      <testcase classname="fastlane.lanes" name="1: clean" time="1.983873102">
        
      </testcase>
    
      
      <testcase classname="fastlane.lanes" name="2: increment_version_code" time="0.006058569">
        
      </testcase>
    
      
      <testcase classname="fastlane.lanes" name="3: bundlerelease" time="2.908495116">
        
          <failure message="/var/lib/gems/2.7.0/gems/fastlane-2.205.2/fastlane/lib/fastlane/actions/actions_helper.rb:67:in `execute_action'&#10;/var/lib/gems/2.7.0/gems/fastlane-2.205.2/fastlane/lib/fastlane/runner.rb:255:in `block in execute_action'&#10;/var/lib/gems/2.7.0/gems/fastlane-2.205.2/fastlane/lib/fastlane/runner.rb:229:in `chdir'&#10;/var/lib/gems/2.7.0/gems/fastlane-2.205.2/fastlane/lib/fastlane/runner.rb:229:in `execute_action'&#10;/var/lib/gems/2.7.0/gems/fastlane-2.205.2/fastlane/lib/fastlane/runner.rb:157:in `trigger_action_by_name'&#10;/var/lib/gems/2.7.0/gems/fastlane-2.205.2/fastlane/lib/fastlane/fast_file.rb:159:in `method_missing'&#10;Fastfile:37:in `block (2 levels) in parsing_binding'&#10;/var/lib/gems/2.7.0/gems/fastlane-2.205.2/fastlane/lib/fastlane/lane.rb:33:in `call'&#10;/var/lib/gems/2.7.0/gems/fastlane-2.205.2/fastlane/lib/fastlane/runner.rb:49:in `block in execute'&#10;/var/lib/gems/2.7.0/gems/fastlane-2.205.2/fastlane/lib/fastlane/runner.rb:45:in `chdir'&#10;/var/lib/gems/2.7.0/gems/fastlane-2.205.2/fastlane/lib/fastlane/runner.rb:45:in `execute'&#10;/var/lib/gems/2.7.0/gems/fastlane-2.205.2/fastlane/lib/fastlane/lane_manager.rb:47:in `cruise_lane'&#10;/var/lib/gems/2.7.0/gems/fastlane-2.205.2/fastlane/lib/fastlane/command_line_handler.rb:36:in `handle'&#10;/var/lib/gems/2.7.0/gems/fastlane-2.205.2/fastlane/lib/fastlane/commands_generator.rb:110:in `block (2 levels) in run'&#10;/var/lib/gems/2.7.0/gems/commander-4.6.0/lib/commander/command.rb:187:in `call'&#10;/var/lib/gems/2.7.0/gems/commander-4.6.0/lib/commander/command.rb:157:in `run'&#10;/var/lib/gems/2.7.0/gems/commander-4.6.0/lib/commander/runner.rb:444:in `run_active_command'&#10;/var/lib/gems/2.7.0/gems/fastlane-2.205.2/fastlane_core/lib/fastlane_core/ui/fastlane_runner.rb:124:in `run!'&#10;/var/lib/gems/2.7.0/gems/commander-4.6.0/lib/commander/delegates.rb:18:in `run!'&#10;/var/lib/gems/2.7.0/gems/fastlane-2.205.2/fastlane/lib/fastlane/commands_generator.rb:354:in `run'&#10;/var/lib/gems/2.7.0/gems/fastlane-2.205.2/fastlane/lib/fastlane/commands_generator.rb:43:in `start'&#10;/var/lib/gems/2.7.0/gems/fastlane-2.205.2/fastlane/lib/fastlane/cli_tools_distributor.rb:122:in `take_off'&#10;/var/lib/gems/2.7.0/gems/fastlane-2.205.2/bin/fastlane:23:in `&lt;top (required)&gt;'&#10;/usr/local/bin/fastlane:23:in `load'&#10;/usr/local/bin/fastlane:23:in `&lt;main&gt;'&#10;&#10;Exit status of command '/home/john/AndroidStudioProjects/Counters/gradlew bundlerelease -p .' was 1 instead of 0.&#10;&gt; Task :app:preBuild UP-TO-DATE&#10;&gt; Task :app:preReleaseBuild UP-TO-DATE&#10;&gt; Task :app:writeReleaseApplicationId&#10;&gt; Task :app:analyticsRecordingRelease&#10;&gt; Task :app:compileReleaseRenderscript NO-SOURCE&#10;&gt; Task :app:generateReleaseFeatureMetadata&#10;&gt; Task :app:generateReleaseResValues&#10;&gt; Task :app:generateReleaseResources&#10;&gt; Task :app:injectCrashlyticsMappingFileIdRelease&#10;&gt; Task :app:processReleaseGoogleServices FAILED&#10;&#10;FAILURE: Build failed with an exception.&#10;&#10;* What went wrong:&#10;Execution failed for task ':app:processReleaseGoogleServices'.&#10;&gt; File google-services.json is missing. The Google Services Plugin cannot function without it. &#10;   Searched Location: &#10;  /home/john/AndroidStudioProjects/Counters/app/src/release/google-services.json&#10;  /home/john/AndroidStudioProjects/Counters/app/src/google-services.json&#10;  /home/john/AndroidStudioProjects/Counters/app/src/Release/google-services.json&#10;  /home/john/AndroidStudioProjects/Counters/app/google-services.json&#10;&#10;&#10;* Try:&#10;Run with --stacktrace option to get the stack trace. Run with --info or --debug option to get more log output. Run with --scan to get full insights.&#10;&#10;* Get more help at https://help.gradle.org&#10;&#10;BUILD FAILED in 2s&#10;6 actionable tasks: 6 executed&#10;" />
        
      </testcase>
    
  </testsuite>
</testsuites>
